<?xml version="1.0" encoding="UTF-8"?>
<!-- Generated by org.testng.reporters.JUnitReportReporter -->
<testsuite hostname="mac.kineticskunk.com" name="com.kineticskunk.auto.webdriverfactory.DriverFactoryTestNG" tests="1" failures="0" timestamp="30 May 2016 13:01:14 GMT" time="0.017" errors="0">
  <testcase name="verifyTitle" time="0.017" classname="com.kineticskunk.auto.webdriverfactory.DriverFactoryTestNG"/>
</testsuite> <!-- com.kineticskunk.auto.webdriverfactory.DriverFactoryTestNG -->
