<?xml version="1.0" encoding="UTF-8"?>
<!-- Generated by org.testng.reporters.JUnitReportReporter -->
<testsuite hostname="Donovans-MacBook-Pro.local" name="com.kineticskunk.auto.webdriverfactory.ChromeDriverFactoryTestNG" tests="1" failures="0" timestamp="17 May 2017 17:05:08 GMT" time="5.500" errors="0">
  <testcase name="verifyTitle" time="5.500" classname="com.kineticskunk.auto.webdriverfactory.ChromeDriverFactoryTestNG"/>
</testsuite> <!-- com.kineticskunk.auto.webdriverfactory.ChromeDriverFactoryTestNG -->
