<?xml version="1.0" encoding="UTF-8"?>
<!-- Generated by org.testng.reporters.JUnitReportReporter -->
<testsuite hostname="mac.kineticskunk.com" name="com.kineticskunk.driverutilities.FireFoxAllDesiredCapabilitiesTestNG" tests="2" failures="0" timestamp="11 Apr 2016 15:35:52 GMT" time="5.780" errors="0">
  <testcase name="checkIfFireFoxPropertiesLoad" time="0.007" classname="com.kineticskunk.driverutilities.FireFoxAllDesiredCapabilitiesTestNG"/>
  <testcase name="verifyFireFoxDriverInstanciation" time="5.773" classname="com.kineticskunk.driverutilities.FireFoxAllDesiredCapabilitiesTestNG"/>
</testsuite> <!-- com.kineticskunk.driverutilities.FireFoxAllDesiredCapabilitiesTestNG -->
