<?xml version="1.0" encoding="UTF-8"?>
<!-- Generated by org.testng.reporters.JUnitReportReporter -->
<testsuite hostname="mac.kineticskunk.com" name="com.kineticskunk.driverutilities.FireFoxIndividualDesiredCapabilitiesTestNG" tests="23" failures="0" timestamp="2 Apr 2016 18:16:30 GMT" time="0.019" errors="0">
  <testcase name="verifyVersionCapability" time="0.000" classname="com.kineticskunk.driverutilities.FireFoxIndividualDesiredCapabilitiesTestNG"/>
  <testcase name="verifyOverlappingCheckDisabledCapability" time="0.001" classname="com.kineticskunk.driverutilities.FireFoxIndividualDesiredCapabilitiesTestNG"/>
  <testcase name="verifyPageLoadStrategyUnstableCapability" time="0.001" classname="com.kineticskunk.driverutilities.FireFoxIndividualDesiredCapabilitiesTestNG"/>
  <testcase name="verifyTakesScreenShoteCapability" time="0.001" classname="com.kineticskunk.driverutilities.FireFoxIndividualDesiredCapabilitiesTestNG"/>
  <testcase name="verifyEnableProfilingCapability" time="0.001" classname="com.kineticskunk.driverutilities.FireFoxIndividualDesiredCapabilitiesTestNG"/>
  <testcase name="verifyAcceptSslCertsCapability" time="0.005" classname="com.kineticskunk.driverutilities.FireFoxIndividualDesiredCapabilitiesTestNG"/>
  <testcase name="verifyUnexpectedAlertBehaviourCapability" time="0.000" classname="com.kineticskunk.driverutilities.FireFoxIndividualDesiredCapabilitiesTestNG"/>
  <testcase name="verifySupportsSQLDatabaseCapability" time="0.001" classname="com.kineticskunk.driverutilities.FireFoxIndividualDesiredCapabilitiesTestNG"/>
  <testcase name="verifyEnrollmentBehaviourCapability" time="0.001" classname="com.kineticskunk.driverutilities.FireFoxIndividualDesiredCapabilitiesTestNG"/>
  <testcase name="verifyHasNativeEventsCapability" time="0.001" classname="com.kineticskunk.driverutilities.FireFoxIndividualDesiredCapabilitiesTestNG"/>
  <testcase name="verifySupportsNetworkConnectionCapability" time="0.001" classname="com.kineticskunk.driverutilities.FireFoxIndividualDesiredCapabilitiesTestNG"/>
  <testcase name="verifyLoggingPrefsCapabilityServerCapability" time="0.001" classname="com.kineticskunk.driverutilities.FireFoxIndividualDesiredCapabilitiesTestNG"/>
  <testcase name="verifyHasTouchScreenCapability" time="0.000" classname="com.kineticskunk.driverutilities.FireFoxIndividualDesiredCapabilitiesTestNG"/>
  <testcase name="verifySupportsLocationContextCapability" time="0.001" classname="com.kineticskunk.driverutilities.FireFoxIndividualDesiredCapabilitiesTestNG"/>
  <testcase name="verifySupportsJavaScriptCapability" time="0.001" classname="com.kineticskunk.driverutilities.FireFoxIndividualDesiredCapabilitiesTestNG"/>
  <testcase name="verifyBrowserNameCapability" time="0.000" classname="com.kineticskunk.driverutilities.FireFoxIndividualDesiredCapabilitiesTestNG"/>
  <testcase name="verifyProxyAutoDetectCapability" time="0.000" classname="com.kineticskunk.driverutilities.FireFoxIndividualDesiredCapabilitiesTestNG"/>
  <testcase name="verifyRotableCapability" time="0.000" classname="com.kineticskunk.driverutilities.FireFoxIndividualDesiredCapabilitiesTestNG"/>
  <testcase name="verifyPlaformCapability" time="0.001" classname="com.kineticskunk.driverutilities.FireFoxIndividualDesiredCapabilitiesTestNG"/>
  <testcase name="verifySupportAlertsCapability" time="0.001" classname="com.kineticskunk.driverutilities.FireFoxIndividualDesiredCapabilitiesTestNG"/>
  <testcase name="verifySupportsApplicationCacheCapability" time="0.000" classname="com.kineticskunk.driverutilities.FireFoxIndividualDesiredCapabilitiesTestNG"/>
  <testcase name="verifySupportsFindingByCSSCapability" time="0.000" classname="com.kineticskunk.driverutilities.FireFoxIndividualDesiredCapabilitiesTestNG"/>
  <testcase name="verifySupportsWebStorageCapability" time="0.001" classname="com.kineticskunk.driverutilities.FireFoxIndividualDesiredCapabilitiesTestNG"/>
</testsuite> <!-- com.kineticskunk.driverutilities.FireFoxIndividualDesiredCapabilitiesTestNG -->
