<?xml version="1.0" encoding="UTF-8"?>
<!-- Generated by org.testng.reporters.JUnitReportReporter -->
<testsuite hostname="mac.kineticskunk.com" name="com.kineticskunk.auto.webdriverfactory.FireFoxDriverFactoryTestNG" tests="1" failures="0" timestamp="3 Aug 2016 08:05:18 GMT" time="0.018" errors="0">
  <testcase name="verifyTitle" time="0.018" classname="com.kineticskunk.auto.webdriverfactory.FireFoxDriverFactoryTestNG"/>
</testsuite> <!-- com.kineticskunk.auto.webdriverfactory.FireFoxDriverFactoryTestNG -->
