<?xml version="1.0" encoding="UTF-8"?>
<!-- Generated by org.testng.reporters.JUnitReportReporter -->
<testsuite hostname="mac.kineticskunk.com" name="com.kineticskunk.auto.webdriverfactory.FireFoxProfileTestNG" tests="1" failures="0" timestamp="15 May 2016 18:03:39 GMT" time="0.004" errors="0">
  <testcase name="test" time="0.004" classname="com.kineticskunk.auto.webdriverfactory.FireFoxProfileTestNG"/>
</testsuite> <!-- com.kineticskunk.auto.webdriverfactory.FireFoxProfileTestNG -->
