<?xml version="1.0" encoding="UTF-8"?>
<!-- Generated by org.testng.reporters.JUnitReportReporter -->
<testsuite hostname="mac.kineticskunk.com" name="com.kineticskunk.driverutilities.FireFoxDesiredCapabilitiesTestNG" tests="23" failures="0" timestamp="2 Apr 2016 17:04:36 GMT" time="0.623" errors="0">
  <testcase name="verifyEnrollmentBehaviourCapability" time="0.014" classname="com.kineticskunk.driverutilities.FireFoxDesiredCapabilitiesTestNG"/>
  <testcase name="verifyPageLoadStrategyUnstableCapability" time="0.008" classname="com.kineticskunk.driverutilities.FireFoxDesiredCapabilitiesTestNG"/>
  <testcase name="verifyHasNativeEventsCapability" time="0.014" classname="com.kineticskunk.driverutilities.FireFoxDesiredCapabilitiesTestNG"/>
  <testcase name="verifyUnexpectedAlertBehaviourCapability" time="0.014" classname="com.kineticskunk.driverutilities.FireFoxDesiredCapabilitiesTestNG"/>
  <testcase name="verifyVersionCapability" time="0.014" classname="com.kineticskunk.driverutilities.FireFoxDesiredCapabilitiesTestNG"/>
  <testcase name="verifyHasTouchScreenCapability" time="0.015" classname="com.kineticskunk.driverutilities.FireFoxDesiredCapabilitiesTestNG"/>
  <testcase name="verifySupportsWebStorageCapability" time="0.014" classname="com.kineticskunk.driverutilities.FireFoxDesiredCapabilitiesTestNG"/>
  <testcase name="verifySupportsSQLDatabaseCapability" time="0.014" classname="com.kineticskunk.driverutilities.FireFoxDesiredCapabilitiesTestNG"/>
  <testcase name="verifyOverlappingCheckDisabledCapability" time="0.014" classname="com.kineticskunk.driverutilities.FireFoxDesiredCapabilitiesTestNG"/>
  <testcase name="verifyPlaformCapability" time="0.119" classname="com.kineticskunk.driverutilities.FireFoxDesiredCapabilitiesTestNG"/>
  <testcase name="verifySupportsNetworkConnectionCapability" time="0.015" classname="com.kineticskunk.driverutilities.FireFoxDesiredCapabilitiesTestNG"/>
  <testcase name="verifyAcceptSslCertsCapability" time="0.124" classname="com.kineticskunk.driverutilities.FireFoxDesiredCapabilitiesTestNG"/>
  <testcase name="verifySupportsLocationContextCapability" time="0.017" classname="com.kineticskunk.driverutilities.FireFoxDesiredCapabilitiesTestNG"/>
  <testcase name="verifyBrowserNameCapability" time="0.015" classname="com.kineticskunk.driverutilities.FireFoxDesiredCapabilitiesTestNG"/>
  <testcase name="verifyRotableCapability" time="0.014" classname="com.kineticskunk.driverutilities.FireFoxDesiredCapabilitiesTestNG"/>
  <testcase name="verifyLoggingPrefsCapabilityServerCapability" time="0.024" classname="com.kineticskunk.driverutilities.FireFoxDesiredCapabilitiesTestNG"/>
  <testcase name="verifySupportAlertsCapability" time="0.018" classname="com.kineticskunk.driverutilities.FireFoxDesiredCapabilitiesTestNG"/>
  <testcase name="verifyEnableProfilingCapability" time="0.069" classname="com.kineticskunk.driverutilities.FireFoxDesiredCapabilitiesTestNG"/>
  <testcase name="verifyProxyAutoDetectCapability" time="0.029" classname="com.kineticskunk.driverutilities.FireFoxDesiredCapabilitiesTestNG"/>
  <testcase name="verifySupportsApplicationCacheCapability" time="0.014" classname="com.kineticskunk.driverutilities.FireFoxDesiredCapabilitiesTestNG"/>
  <testcase name="verifySupportsFindingByCSSCapability" time="0.015" classname="com.kineticskunk.driverutilities.FireFoxDesiredCapabilitiesTestNG"/>
  <testcase name="verifySupportsJavaScriptCapability" time="0.015" classname="com.kineticskunk.driverutilities.FireFoxDesiredCapabilitiesTestNG"/>
  <testcase name="verifyTakesScreenShoteCapability" time="0.014" classname="com.kineticskunk.driverutilities.FireFoxDesiredCapabilitiesTestNG"/>
</testsuite> <!-- com.kineticskunk.driverutilities.FireFoxDesiredCapabilitiesTestNG -->
